mode: set
github.com/emad-elsaid/types/chan.go:5.119,6.18 1 1
github.com/emad-elsaid/types/chan.go:6.18,8.3 1 1
github.com/emad-elsaid/types/chan.go:10.2,10.17 1 1
github.com/emad-elsaid/types/chan.go:10.17,12.3 1 1
github.com/emad-elsaid/types/chan.go:14.2,16.30 3 1
github.com/emad-elsaid/types/chan.go:16.30,18.3 1 1
github.com/emad-elsaid/types/chan.go:21.2,21.12 1 1
github.com/emad-elsaid/types/chan.go:21.12,23.27 2 1
github.com/emad-elsaid/types/chan.go:23.27,26.4 2 1
github.com/emad-elsaid/types/chan.go:27.3,27.35 1 1
github.com/emad-elsaid/types/chan.go:27.35,29.4 1 1
github.com/emad-elsaid/types/chan.go:33.2,34.30 2 1
github.com/emad-elsaid/types/chan.go:34.30,36.3 1 1
github.com/emad-elsaid/types/chan.go:39.2,40.12 2 1
github.com/emad-elsaid/types/chan.go:40.12,45.23 4 1
github.com/emad-elsaid/types/chan.go:45.23,47.39 2 1
github.com/emad-elsaid/types/chan.go:47.39,48.50 1 1
github.com/emad-elsaid/types/chan.go:48.50,50.6 1 1
github.com/emad-elsaid/types/chan.go:50.11,53.6 2 1
github.com/emad-elsaid/types/chan.go:55.4,55.11 1 1
github.com/emad-elsaid/types/chan.go:59.2,59.15 1 1
github.com/emad-elsaid/types/chan.go:63.79,64.18 1 1
github.com/emad-elsaid/types/chan.go:64.18,66.3 1 1
github.com/emad-elsaid/types/chan.go:68.2,70.12 2 1
github.com/emad-elsaid/types/chan.go:70.12,72.27 2 1
github.com/emad-elsaid/types/chan.go:72.27,74.4 1 1
github.com/emad-elsaid/types/chan.go:77.2,77.15 1 1
github.com/emad-elsaid/types/chan.go:81.70,82.18 1 1
github.com/emad-elsaid/types/chan.go:82.18,84.3 1 1
github.com/emad-elsaid/types/chan.go:86.2,88.12 2 1
github.com/emad-elsaid/types/chan.go:88.12,90.27 2 1
github.com/emad-elsaid/types/chan.go:90.27,91.20 1 1
github.com/emad-elsaid/types/chan.go:91.20,93.5 1 1
github.com/emad-elsaid/types/chan.go:97.2,97.15 1 1
github.com/emad-elsaid/types/chan.go:102.54,103.18 1 1
github.com/emad-elsaid/types/chan.go:103.18,105.3 1 1
github.com/emad-elsaid/types/chan.go:107.2,107.26 1 1
github.com/emad-elsaid/types/chan.go:107.26,108.26 1 1
github.com/emad-elsaid/types/chan.go:108.26,110.4 1 1
github.com/emad-elsaid/types/command.go:20.48,20.83 1 1
github.com/emad-elsaid/types/command.go:85.47,90.2 1 1
github.com/emad-elsaid/types/command.go:103.82,107.2 1 1
github.com/emad-elsaid/types/command.go:124.61,129.2 3 1
github.com/emad-elsaid/types/command.go:141.96,146.2 3 1
github.com/emad-elsaid/types/command.go:156.42,159.2 2 1
github.com/emad-elsaid/types/command.go:169.48,172.2 2 1
github.com/emad-elsaid/types/command.go:181.53,184.2 2 1
github.com/emad-elsaid/types/command.go:192.35,195.2 2 1
github.com/emad-elsaid/types/command.go:203.34,203.56 1 1
github.com/emad-elsaid/types/command.go:211.35,211.64 1 1
github.com/emad-elsaid/types/command.go:219.47,219.79 1 1
github.com/emad-elsaid/types/command.go:227.35,227.64 1 1
github.com/emad-elsaid/types/command.go:234.47,234.79 1 1
github.com/emad-elsaid/types/command.go:244.33,244.59 1 1
github.com/emad-elsaid/types/command.go:252.41,252.91 1 1
github.com/emad-elsaid/types/command.go:262.61,265.2 2 1
github.com/emad-elsaid/types/command.go:273.64,279.2 4 1
github.com/emad-elsaid/types/command.go:288.54,293.2 4 1
github.com/emad-elsaid/types/command.go:301.45,304.2 2 1
github.com/emad-elsaid/types/command.go:312.51,313.18 1 1
github.com/emad-elsaid/types/command.go:313.18,315.3 1 1
github.com/emad-elsaid/types/command.go:316.2,317.10 2 1
github.com/emad-elsaid/types/command.go:327.58,328.18 1 1
github.com/emad-elsaid/types/command.go:328.18,330.3 1 1
github.com/emad-elsaid/types/command.go:331.2,331.24 1 1
github.com/emad-elsaid/types/command.go:331.24,333.3 1 1
github.com/emad-elsaid/types/command.go:334.2,334.10 1 1
github.com/emad-elsaid/types/command.go:343.39,346.2 2 1
github.com/emad-elsaid/types/command.go:358.34,361.2 2 1
github.com/emad-elsaid/types/command.go:370.48,373.2 2 1
github.com/emad-elsaid/types/command.go:383.80,387.2 3 1
github.com/emad-elsaid/types/command.go:396.35,397.17 1 1
github.com/emad-elsaid/types/command.go:397.17,399.3 1 1
github.com/emad-elsaid/types/command.go:401.2,404.15 3 1
github.com/emad-elsaid/types/command.go:404.15,406.3 1 1
github.com/emad-elsaid/types/command.go:408.2,408.33 1 1
github.com/emad-elsaid/types/command.go:418.42,420.2 1 1
github.com/emad-elsaid/types/command.go:422.38,423.16 1 1
github.com/emad-elsaid/types/command.go:423.16,425.3 1 1
github.com/emad-elsaid/types/command.go:427.2,431.21 3 1
github.com/emad-elsaid/types/command.go:431.21,433.3 1 1
github.com/emad-elsaid/types/command.go:435.2,435.53 1 1
github.com/emad-elsaid/types/command.go:435.53,436.38 1 1
github.com/emad-elsaid/types/command.go:436.38,438.4 1 1
github.com/emad-elsaid/types/command.go:440.3,443.19 2 1
github.com/emad-elsaid/types/command.go:443.19,444.9 1 1
github.com/emad-elsaid/types/command.go:448.2,448.10 1 1
github.com/emad-elsaid/types/command.go:455.54,457.16 1 1
github.com/emad-elsaid/types/command.go:457.16,458.19 1 1
github.com/emad-elsaid/types/command.go:458.19,460.4 1 0
github.com/emad-elsaid/types/command.go:461.3,461.42 1 1
github.com/emad-elsaid/types/command.go:465.2,468.20 2 1
github.com/emad-elsaid/types/command.go:468.20,470.19 2 1
github.com/emad-elsaid/types/command.go:470.19,472.4 1 0
github.com/emad-elsaid/types/command.go:473.3,473.42 1 1
github.com/emad-elsaid/types/command.go:478.2,478.23 1 1
github.com/emad-elsaid/types/command.go:478.23,481.17 2 1
github.com/emad-elsaid/types/command.go:481.17,484.4 2 0
github.com/emad-elsaid/types/command.go:485.3,485.21 1 1
github.com/emad-elsaid/types/command.go:489.2,491.16 3 1
github.com/emad-elsaid/types/command.go:491.16,493.3 1 1
github.com/emad-elsaid/types/command.go:495.2,495.15 1 1
github.com/emad-elsaid/types/command.go:495.15,497.59 1 0
github.com/emad-elsaid/types/command.go:497.59,499.66 1 0
github.com/emad-elsaid/types/command.go:499.66,502.5 2 0
github.com/emad-elsaid/types/command.go:504.3,504.84 1 0
github.com/emad-elsaid/types/command.go:505.8,507.3 1 1
github.com/emad-elsaid/types/command.go:510.2,510.17 1 1
github.com/emad-elsaid/types/command.go:510.17,512.3 1 0
github.com/emad-elsaid/types/command.go:515.2,515.16 1 1
github.com/emad-elsaid/types/command.go:515.16,517.3 1 0
github.com/emad-elsaid/types/command.go:518.2,518.18 1 1
github.com/emad-elsaid/types/command.go:518.18,519.18 1 0
github.com/emad-elsaid/types/command.go:519.18,521.4 1 0
github.com/emad-elsaid/types/command.go:522.3,522.27 1 0
github.com/emad-elsaid/types/command.go:522.27,524.4 1 0
github.com/emad-elsaid/types/command.go:528.2,528.20 1 1
github.com/emad-elsaid/types/command.go:528.20,530.3 1 1
github.com/emad-elsaid/types/command.go:530.8,530.26 1 1
github.com/emad-elsaid/types/command.go:530.26,532.3 1 0
github.com/emad-elsaid/types/command.go:535.2,536.16 2 1
github.com/emad-elsaid/types/command.go:536.16,539.3 2 0
github.com/emad-elsaid/types/command.go:542.2,546.40 3 1
github.com/emad-elsaid/types/command.go:546.40,549.3 2 0
github.com/emad-elsaid/types/command.go:552.2,555.12 2 1
github.com/emad-elsaid/types/command.go:555.12,573.21 7 1
github.com/emad-elsaid/types/command.go:573.21,575.52 2 1
github.com/emad-elsaid/types/command.go:575.52,576.61 1 1
github.com/emad-elsaid/types/command.go:576.61,578.6 1 1
github.com/emad-elsaid/types/command.go:583.3,583.21 1 1
github.com/emad-elsaid/types/command.go:583.21,585.4 1 0
github.com/emad-elsaid/types/command.go:585.9,585.28 1 1
github.com/emad-elsaid/types/command.go:585.28,587.4 1 1
github.com/emad-elsaid/types/command.go:587.9,589.4 1 1
github.com/emad-elsaid/types/command.go:592.2,592.16 1 1
github.com/emad-elsaid/types/command.go:595.33,597.20 1 1
github.com/emad-elsaid/types/command.go:597.20,600.24 2 1
github.com/emad-elsaid/types/command.go:600.24,602.20 2 1
github.com/emad-elsaid/types/command.go:602.20,604.5 1 0
github.com/emad-elsaid/types/command.go:605.9,605.28 1 1
github.com/emad-elsaid/types/command.go:605.28,609.20 3 1
github.com/emad-elsaid/types/command.go:609.20,611.5 1 0
github.com/emad-elsaid/types/command.go:612.4,612.24 1 1
github.com/emad-elsaid/types/command.go:615.3,616.9 2 1
github.com/emad-elsaid/types/command.go:620.2,624.16 3 1
github.com/emad-elsaid/types/command.go:624.16,626.3 1 1
github.com/emad-elsaid/types/command.go:628.2,628.15 1 1
github.com/emad-elsaid/types/command.go:628.15,630.59 1 0
github.com/emad-elsaid/types/command.go:630.59,632.66 1 0
github.com/emad-elsaid/types/command.go:632.66,635.5 2 0
github.com/emad-elsaid/types/command.go:638.3,638.84 1 0
github.com/emad-elsaid/types/command.go:639.8,641.3 1 1
github.com/emad-elsaid/types/command.go:644.2,644.17 1 1
github.com/emad-elsaid/types/command.go:644.17,646.3 1 1
github.com/emad-elsaid/types/command.go:649.2,649.16 1 1
github.com/emad-elsaid/types/command.go:649.16,651.3 1 1
github.com/emad-elsaid/types/command.go:652.2,652.18 1 1
github.com/emad-elsaid/types/command.go:652.18,653.18 1 1
github.com/emad-elsaid/types/command.go:653.18,655.4 1 1
github.com/emad-elsaid/types/command.go:656.3,656.27 1 1
github.com/emad-elsaid/types/command.go:656.27,658.4 1 1
github.com/emad-elsaid/types/command.go:662.2,662.20 1 1
github.com/emad-elsaid/types/command.go:662.20,664.3 1 1
github.com/emad-elsaid/types/command.go:664.8,664.26 1 1
github.com/emad-elsaid/types/command.go:664.26,666.3 1 1
github.com/emad-elsaid/types/command.go:668.2,668.23 1 1
github.com/emad-elsaid/types/command.go:668.23,671.17 2 1
github.com/emad-elsaid/types/command.go:671.17,674.4 2 0
github.com/emad-elsaid/types/command.go:675.3,675.29 1 1
github.com/emad-elsaid/types/command.go:679.2,679.19 1 1
github.com/emad-elsaid/types/command.go:679.19,683.3 3 1
github.com/emad-elsaid/types/command.go:683.8,691.3 6 1
github.com/emad-elsaid/types/command.go:694.2,694.18 1 1
github.com/emad-elsaid/types/command.go:694.18,695.49 1 1
github.com/emad-elsaid/types/command.go:695.49,696.60 1 1
github.com/emad-elsaid/types/command.go:696.60,698.5 1 1
github.com/emad-elsaid/types/map.go:11.37,13.2 1 1
github.com/emad-elsaid/types/map.go:15.46,19.8 3 1
github.com/emad-elsaid/types/map.go:19.8,21.3 1 1
github.com/emad-elsaid/types/map.go:23.2,23.8 1 1
github.com/emad-elsaid/types/map.go:27.33,29.2 1 1
github.com/emad-elsaid/types/map.go:32.50,33.36 1 1
github.com/emad-elsaid/types/map.go:33.36,35.3 1 1
github.com/emad-elsaid/types/map.go:39.59,42.12 3 1
github.com/emad-elsaid/types/map.go:42.12,44.3 1 1
github.com/emad-elsaid/types/map.go:46.2,46.8 1 1
github.com/emad-elsaid/types/map.go:50.67,56.2 4 1
github.com/emad-elsaid/types/map.go:59.62,65.2 4 1
github.com/emad-elsaid/types/map.go:69.32,71.36 2 1
github.com/emad-elsaid/types/map.go:71.36,74.3 2 1
github.com/emad-elsaid/types/map.go:75.2,75.13 1 1
github.com/emad-elsaid/types/map.go:80.34,82.36 2 1
github.com/emad-elsaid/types/map.go:82.36,85.3 2 1
github.com/emad-elsaid/types/map.go:86.2,86.15 1 1
github.com/emad-elsaid/types/map.go:91.32,93.36 2 1
github.com/emad-elsaid/types/map.go:93.36,96.3 2 1
github.com/emad-elsaid/types/map.go:97.2,97.13 1 1
github.com/emad-elsaid/types/map.go:101.29,102.36 1 1
github.com/emad-elsaid/types/map.go:102.36,105.3 2 1
github.com/emad-elsaid/types/map.go:110.35,113.2 2 1
github.com/emad-elsaid/types/map.go:117.47,118.36 1 1
github.com/emad-elsaid/types/map.go:118.36,121.3 2 1
github.com/emad-elsaid/types/map.go:125.70,127.36 2 1
github.com/emad-elsaid/types/map.go:127.36,130.28 3 1
github.com/emad-elsaid/types/map.go:130.28,132.4 1 1
github.com/emad-elsaid/types/map.go:133.3,133.14 1 1
github.com/emad-elsaid/types/map.go:135.2,135.15 1 1
github.com/emad-elsaid/types/set.go:18.47,24.29 2 1
github.com/emad-elsaid/types/set.go:24.29,26.3 1 1
github.com/emad-elsaid/types/set.go:28.2,28.11 1 1
github.com/emad-elsaid/types/set.go:33.35,34.22 1 1
github.com/emad-elsaid/types/set.go:34.22,36.3 1 1
github.com/emad-elsaid/types/set.go:38.2,41.13 3 1
github.com/emad-elsaid/types/set.go:46.38,47.23 1 1
github.com/emad-elsaid/types/set.go:47.23,49.3 1 1
github.com/emad-elsaid/types/set.go:51.2,55.13 4 1
github.com/emad-elsaid/types/set.go:60.40,63.2 2 1
github.com/emad-elsaid/types/set.go:66.29,68.2 1 1
github.com/emad-elsaid/types/set.go:71.33,73.2 1 1
github.com/emad-elsaid/types/set.go:76.26,79.2 2 1
github.com/emad-elsaid/types/set.go:83.32,87.2 3 1
github.com/emad-elsaid/types/set.go:90.34,92.2 1 1
github.com/emad-elsaid/types/set.go:95.47,97.35 2 1
github.com/emad-elsaid/types/set.go:97.35,99.3 1 1
github.com/emad-elsaid/types/set.go:101.2,101.15 1 1
github.com/emad-elsaid/types/set.go:106.54,108.31 2 1
github.com/emad-elsaid/types/set.go:108.31,109.27 1 1
github.com/emad-elsaid/types/set.go:109.27,111.4 1 1
github.com/emad-elsaid/types/set.go:113.2,113.15 1 1
github.com/emad-elsaid/types/set.go:118.52,120.31 2 1
github.com/emad-elsaid/types/set.go:120.31,121.28 1 1
github.com/emad-elsaid/types/set.go:121.28,123.4 1 1
github.com/emad-elsaid/types/set.go:125.2,125.15 1 1
github.com/emad-elsaid/types/set.go:129.61,131.2 1 1
github.com/emad-elsaid/types/set.go:134.47,135.31 1 1
github.com/emad-elsaid/types/set.go:135.31,136.28 1 1
github.com/emad-elsaid/types/set.go:136.28,138.4 1 1
github.com/emad-elsaid/types/set.go:140.2,140.13 1 1
github.com/emad-elsaid/types/set.go:144.49,146.2 1 1
github.com/emad-elsaid/types/set.go:149.49,151.2 1 1
github.com/emad-elsaid/types/set.go:154.44,156.2 1 1
github.com/emad-elsaid/types/set.go:159.35,160.31 1 1
github.com/emad-elsaid/types/set.go:160.31,162.3 1 1
github.com/emad-elsaid/types/set.go:167.63,172.31 4 1
github.com/emad-elsaid/types/set.go:172.31,174.3 1 1
github.com/emad-elsaid/types/set.go:176.2,176.15 1 1
github.com/emad-elsaid/types/set.go:180.57,185.31 4 1
github.com/emad-elsaid/types/set.go:185.31,186.22 1 1
github.com/emad-elsaid/types/set.go:186.22,188.4 1 1
github.com/emad-elsaid/types/set.go:191.2,191.15 1 1
github.com/emad-elsaid/types/set.go:196.57,197.36 1 1
github.com/emad-elsaid/types/set.go:197.36,199.3 1 1
github.com/emad-elsaid/types/set.go:204.57,205.31 1 1
github.com/emad-elsaid/types/set.go:205.31,206.22 1 1
github.com/emad-elsaid/types/set.go:206.22,208.4 1 1
github.com/emad-elsaid/types/set.go:210.2,211.20 2 1
github.com/emad-elsaid/types/set.go:216.51,217.31 1 1
github.com/emad-elsaid/types/set.go:217.31,218.23 1 1
github.com/emad-elsaid/types/set.go:218.23,220.4 1 1
github.com/emad-elsaid/types/set.go:222.2,222.13 1 1
github.com/emad-elsaid/types/set.go:227.51,229.2 1 1
github.com/emad-elsaid/types/set.go:233.52,235.2 1 1
github.com/emad-elsaid/types/set.go:238.52,240.31 2 1
github.com/emad-elsaid/types/set.go:240.31,241.22 1 1
github.com/emad-elsaid/types/set.go:241.22,243.4 1 1
github.com/emad-elsaid/types/set.go:245.2,245.14 1 1
github.com/emad-elsaid/types/set.go:250.78,252.31 2 1
github.com/emad-elsaid/types/set.go:252.31,254.3 1 1
github.com/emad-elsaid/types/set.go:255.2,255.15 1 1
github.com/emad-elsaid/types/set.go:261.71,265.31 3 1
github.com/emad-elsaid/types/set.go:265.31,266.22 1 1
github.com/emad-elsaid/types/set.go:266.22,268.4 1 1
github.com/emad-elsaid/types/set.go:268.9,270.4 1 1
github.com/emad-elsaid/types/set.go:273.2,273.26 1 1
github.com/emad-elsaid/types/set.go:277.38,278.12 1 1
github.com/emad-elsaid/types/set.go:278.12,280.3 1 1
github.com/emad-elsaid/types/set.go:282.2,285.31 3 1
github.com/emad-elsaid/types/set.go:285.31,286.17 1 1
github.com/emad-elsaid/types/set.go:286.17,287.9 1 1
github.com/emad-elsaid/types/set.go:289.3,290.10 2 1
github.com/emad-elsaid/types/set.go:293.2,293.15 1 1
github.com/emad-elsaid/types/set.go:297.38,298.12 1 1
github.com/emad-elsaid/types/set.go:298.12,300.3 1 1
github.com/emad-elsaid/types/set.go:302.2,305.31 3 1
github.com/emad-elsaid/types/set.go:305.31,306.17 1 1
github.com/emad-elsaid/types/set.go:306.17,308.4 1 1
github.com/emad-elsaid/types/set.go:309.3,309.10 1 1
github.com/emad-elsaid/types/set.go:312.2,312.15 1 1
github.com/emad-elsaid/types/set.go:316.34,317.17 1 1
github.com/emad-elsaid/types/set.go:317.17,319.3 1 1
github.com/emad-elsaid/types/set.go:321.2,323.29 3 1
github.com/emad-elsaid/types/set.go:323.29,325.3 1 1
github.com/emad-elsaid/types/set.go:327.2,327.57 1 1
github.com/emad-elsaid/types/slice.go:16.36,19.15 2 1
github.com/emad-elsaid/types/slice.go:19.15,20.20 1 1
github.com/emad-elsaid/types/slice.go:20.20,22.4 1 1
github.com/emad-elsaid/types/slice.go:23.3,23.13 1 1
github.com/emad-elsaid/types/slice.go:26.2,26.17 1 1
github.com/emad-elsaid/types/slice.go:26.17,28.3 1 1
github.com/emad-elsaid/types/slice.go:30.2,30.12 1 1
github.com/emad-elsaid/types/slice.go:34.55,35.22 1 1
github.com/emad-elsaid/types/slice.go:35.22,36.19 1 1
github.com/emad-elsaid/types/slice.go:36.19,38.4 1 1
github.com/emad-elsaid/types/slice.go:40.2,40.14 1 1
github.com/emad-elsaid/types/slice.go:44.59,45.22 1 1
github.com/emad-elsaid/types/slice.go:45.22,46.15 1 1
github.com/emad-elsaid/types/slice.go:46.15,48.4 1 1
github.com/emad-elsaid/types/slice.go:50.2,50.14 1 1
github.com/emad-elsaid/types/slice.go:55.51,56.18 1 1
github.com/emad-elsaid/types/slice.go:56.18,57.23 1 1
github.com/emad-elsaid/types/slice.go:57.23,59.4 1 1
github.com/emad-elsaid/types/slice.go:65.48,67.2 1 1
github.com/emad-elsaid/types/slice.go:71.48,72.22 1 1
github.com/emad-elsaid/types/slice.go:72.22,73.16 1 1
github.com/emad-elsaid/types/slice.go:73.16,75.4 1 1
github.com/emad-elsaid/types/slice.go:78.2,78.13 1 1
github.com/emad-elsaid/types/slice.go:83.53,85.2 1 1
github.com/emad-elsaid/types/slice.go:89.58,90.25 1 1
github.com/emad-elsaid/types/slice.go:90.25,91.22 1 1
github.com/emad-elsaid/types/slice.go:91.22,93.4 1 1
github.com/emad-elsaid/types/slice.go:95.2,96.20 2 1
github.com/emad-elsaid/types/slice.go:100.46,102.22 2 1
github.com/emad-elsaid/types/slice.go:102.22,103.19 1 1
github.com/emad-elsaid/types/slice.go:103.19,105.4 1 1
github.com/emad-elsaid/types/slice.go:107.2,107.15 1 1
github.com/emad-elsaid/types/slice.go:112.48,113.34 1 1
github.com/emad-elsaid/types/slice.go:113.34,115.3 1 1
github.com/emad-elsaid/types/slice.go:116.2,119.15 4 1
github.com/emad-elsaid/types/slice.go:123.57,125.22 2 1
github.com/emad-elsaid/types/slice.go:125.22,126.16 1 1
github.com/emad-elsaid/types/slice.go:126.16,128.4 1 1
github.com/emad-elsaid/types/slice.go:130.2,130.15 1 1
github.com/emad-elsaid/types/slice.go:135.44,136.16 1 1
github.com/emad-elsaid/types/slice.go:136.16,138.3 1 1
github.com/emad-elsaid/types/slice.go:139.2,139.21 1 1
github.com/emad-elsaid/types/slice.go:139.21,141.3 1 1
github.com/emad-elsaid/types/slice.go:142.2,142.18 1 1
github.com/emad-elsaid/types/slice.go:147.62,148.25 1 1
github.com/emad-elsaid/types/slice.go:148.25,149.23 1 1
github.com/emad-elsaid/types/slice.go:149.23,151.4 1 1
github.com/emad-elsaid/types/slice.go:153.2,153.10 1 1
github.com/emad-elsaid/types/slice.go:159.62,160.25 1 1
github.com/emad-elsaid/types/slice.go:160.25,161.23 1 1
github.com/emad-elsaid/types/slice.go:161.23,163.4 1 1
github.com/emad-elsaid/types/slice.go:165.2,165.19 1 1
github.com/emad-elsaid/types/slice.go:169.39,170.22 1 1
github.com/emad-elsaid/types/slice.go:170.22,172.3 1 1
github.com/emad-elsaid/types/slice.go:176.46,177.19 1 1
github.com/emad-elsaid/types/slice.go:177.19,179.3 1 1
github.com/emad-elsaid/types/slice.go:183.34,185.2 1 1
github.com/emad-elsaid/types/slice.go:188.45,190.26 1 1
github.com/emad-elsaid/types/slice.go:190.26,192.3 1 0
github.com/emad-elsaid/types/slice.go:195.2,195.22 1 1
github.com/emad-elsaid/types/slice.go:195.22,196.20 1 1
github.com/emad-elsaid/types/slice.go:196.20,198.4 1 1
github.com/emad-elsaid/types/slice.go:201.2,201.13 1 1
github.com/emad-elsaid/types/slice.go:205.29,207.2 1 1
github.com/emad-elsaid/types/slice.go:211.54,213.16 2 1
github.com/emad-elsaid/types/slice.go:213.16,215.3 1 1
github.com/emad-elsaid/types/slice.go:217.2,217.21 1 1
github.com/emad-elsaid/types/slice.go:223.67,224.49 1 1
github.com/emad-elsaid/types/slice.go:224.49,226.3 1 1
github.com/emad-elsaid/types/slice.go:228.2,228.27 1 1
github.com/emad-elsaid/types/slice.go:228.27,230.3 1 1
github.com/emad-elsaid/types/slice.go:231.2,231.38 1 1
github.com/emad-elsaid/types/slice.go:231.38,233.3 1 1
github.com/emad-elsaid/types/slice.go:234.2,234.10 1 1
github.com/emad-elsaid/types/slice.go:240.79,241.49 1 1
github.com/emad-elsaid/types/slice.go:241.49,243.3 1 1
github.com/emad-elsaid/types/slice.go:245.2,245.27 1 1
github.com/emad-elsaid/types/slice.go:245.27,247.3 1 1
github.com/emad-elsaid/types/slice.go:248.2,248.38 1 1
github.com/emad-elsaid/types/slice.go:248.38,250.3 1 1
github.com/emad-elsaid/types/slice.go:251.2,251.10 1 1
github.com/emad-elsaid/types/slice.go:256.40,257.22 1 1
github.com/emad-elsaid/types/slice.go:257.22,258.19 1 1
github.com/emad-elsaid/types/slice.go:258.19,260.4 1 1
github.com/emad-elsaid/types/slice.go:262.2,262.11 1 1
github.com/emad-elsaid/types/slice.go:266.51,267.22 1 1
github.com/emad-elsaid/types/slice.go:267.22,268.15 1 1
github.com/emad-elsaid/types/slice.go:268.15,270.4 1 1
github.com/emad-elsaid/types/slice.go:273.2,273.11 1 1
github.com/emad-elsaid/types/slice.go:277.30,279.2 1 1
github.com/emad-elsaid/types/slice.go:282.29,284.2 1 1
github.com/emad-elsaid/types/slice.go:288.46,289.16 1 1
github.com/emad-elsaid/types/slice.go:289.16,291.3 1 1
github.com/emad-elsaid/types/slice.go:292.2,292.21 1 1
github.com/emad-elsaid/types/slice.go:292.21,294.3 1 1
github.com/emad-elsaid/types/slice.go:295.2,295.19 1 1
github.com/emad-elsaid/types/slice.go:300.45,301.16 1 1
github.com/emad-elsaid/types/slice.go:301.16,303.3 1 1
github.com/emad-elsaid/types/slice.go:304.2,304.21 1 1
github.com/emad-elsaid/types/slice.go:304.21,306.3 1 1
github.com/emad-elsaid/types/slice.go:307.2,307.25 1 1
github.com/emad-elsaid/types/slice.go:311.43,313.2 1 1
github.com/emad-elsaid/types/slice.go:317.61,323.2 5 1
github.com/emad-elsaid/types/slice.go:327.55,329.22 2 1
github.com/emad-elsaid/types/slice.go:329.22,330.15 1 1
github.com/emad-elsaid/types/slice.go:330.15,332.4 1 1
github.com/emad-elsaid/types/slice.go:334.2,334.15 1 1
github.com/emad-elsaid/types/slice.go:338.55,340.2 1 1
github.com/emad-elsaid/types/slice.go:344.60,346.17 2 1
github.com/emad-elsaid/types/slice.go:346.17,348.3 1 1
github.com/emad-elsaid/types/slice.go:350.2,350.19 1 1
github.com/emad-elsaid/types/slice.go:354.55,356.2 1 1
github.com/emad-elsaid/types/slice.go:360.49,362.22 2 1
github.com/emad-elsaid/types/slice.go:362.22,364.3 1 1
github.com/emad-elsaid/types/slice.go:365.2,365.15 1 1
github.com/emad-elsaid/types/slice.go:370.44,371.17 1 1
github.com/emad-elsaid/types/slice.go:371.17,373.3 1 1
github.com/emad-elsaid/types/slice.go:374.2,376.26 3 1
github.com/emad-elsaid/types/slice.go:376.26,378.23 2 1
github.com/emad-elsaid/types/slice.go:378.23,381.4 2 1
github.com/emad-elsaid/types/slice.go:384.2,384.19 1 1
github.com/emad-elsaid/types/slice.go:389.44,390.17 1 1
github.com/emad-elsaid/types/slice.go:390.17,392.3 1 1
github.com/emad-elsaid/types/slice.go:393.2,395.26 3 1
github.com/emad-elsaid/types/slice.go:395.26,397.23 2 1
github.com/emad-elsaid/types/slice.go:397.23,400.4 2 1
github.com/emad-elsaid/types/slice.go:403.2,403.19 1 1
github.com/emad-elsaid/types/slice.go:407.44,409.2 1 1
github.com/emad-elsaid/types/slice.go:413.39,414.17 1 1
github.com/emad-elsaid/types/slice.go:414.17,417.3 2 1
github.com/emad-elsaid/types/slice.go:418.2,418.34 1 1
github.com/emad-elsaid/types/slice.go:422.47,424.2 1 1
github.com/emad-elsaid/types/slice.go:428.41,429.17 1 1
github.com/emad-elsaid/types/slice.go:429.17,431.3 1 1
github.com/emad-elsaid/types/slice.go:432.2,432.20 1 1
github.com/emad-elsaid/types/slice.go:437.38,440.42 3 1
github.com/emad-elsaid/types/slice.go:440.42,443.3 2 1
github.com/emad-elsaid/types/slice.go:444.2,444.15 1 1
github.com/emad-elsaid/types/slice.go:449.38,452.39 3 1
github.com/emad-elsaid/types/slice.go:452.39,455.3 2 1
github.com/emad-elsaid/types/slice.go:456.2,456.15 1 1
github.com/emad-elsaid/types/slice.go:461.37,464.22 3 1
github.com/emad-elsaid/types/slice.go:464.22,465.28 1 1
github.com/emad-elsaid/types/slice.go:465.28,468.4 2 1
github.com/emad-elsaid/types/slice.go:471.2,471.12 1 1
github.com/emad-elsaid/types/slice.go:477.74,481.25 3 1
github.com/emad-elsaid/types/slice.go:481.25,482.22 1 1
github.com/emad-elsaid/types/slice.go:482.22,484.4 1 1
github.com/emad-elsaid/types/slice.go:484.9,486.4 1 1
github.com/emad-elsaid/types/slice.go:489.2,489.26 1 1
github.com/emad-elsaid/types/slice.go:493.81,495.25 2 1
github.com/emad-elsaid/types/slice.go:495.25,497.3 1 1
github.com/emad-elsaid/types/slice.go:499.2,499.15 1 1
