mode: set
github.com/emad-elsaid/types/chan.go:5.119,6.18 1 1
github.com/emad-elsaid/types/chan.go:6.18,8.3 1 1
github.com/emad-elsaid/types/chan.go:10.2,10.17 1 1
github.com/emad-elsaid/types/chan.go:10.17,12.3 1 1
github.com/emad-elsaid/types/chan.go:14.2,16.30 3 1
github.com/emad-elsaid/types/chan.go:16.30,18.3 1 1
github.com/emad-elsaid/types/chan.go:21.2,21.12 1 1
github.com/emad-elsaid/types/chan.go:21.12,23.27 2 1
github.com/emad-elsaid/types/chan.go:23.27,26.4 2 1
github.com/emad-elsaid/types/chan.go:27.3,27.35 1 1
github.com/emad-elsaid/types/chan.go:27.35,29.4 1 1
github.com/emad-elsaid/types/chan.go:33.2,34.30 2 1
github.com/emad-elsaid/types/chan.go:34.30,36.3 1 1
github.com/emad-elsaid/types/chan.go:39.2,40.12 2 1
github.com/emad-elsaid/types/chan.go:40.12,45.23 4 1
github.com/emad-elsaid/types/chan.go:45.23,47.39 2 1
github.com/emad-elsaid/types/chan.go:47.39,48.50 1 1
github.com/emad-elsaid/types/chan.go:48.50,50.6 1 1
github.com/emad-elsaid/types/chan.go:50.11,53.6 2 1
github.com/emad-elsaid/types/chan.go:55.4,55.11 1 1
github.com/emad-elsaid/types/chan.go:59.2,59.15 1 1
github.com/emad-elsaid/types/chan.go:63.79,64.18 1 1
github.com/emad-elsaid/types/chan.go:64.18,66.3 1 1
github.com/emad-elsaid/types/chan.go:68.2,70.12 2 1
github.com/emad-elsaid/types/chan.go:70.12,72.27 2 1
github.com/emad-elsaid/types/chan.go:72.27,74.4 1 1
github.com/emad-elsaid/types/chan.go:77.2,77.15 1 1
github.com/emad-elsaid/types/chan.go:81.70,82.18 1 1
github.com/emad-elsaid/types/chan.go:82.18,84.3 1 1
github.com/emad-elsaid/types/chan.go:86.2,88.12 2 1
github.com/emad-elsaid/types/chan.go:88.12,90.27 2 1
github.com/emad-elsaid/types/chan.go:90.27,91.20 1 1
github.com/emad-elsaid/types/chan.go:91.20,93.5 1 1
github.com/emad-elsaid/types/chan.go:97.2,97.15 1 1
github.com/emad-elsaid/types/chan.go:102.54,103.18 1 1
github.com/emad-elsaid/types/chan.go:103.18,105.3 1 1
github.com/emad-elsaid/types/chan.go:107.2,107.26 1 1
github.com/emad-elsaid/types/chan.go:107.26,108.26 1 1
github.com/emad-elsaid/types/chan.go:108.26,110.4 1 1
github.com/emad-elsaid/types/command.go:20.48,20.83 1 1
github.com/emad-elsaid/types/command.go:85.47,90.2 1 1
github.com/emad-elsaid/types/command.go:103.82,107.2 1 1
github.com/emad-elsaid/types/command.go:124.61,129.2 3 1
github.com/emad-elsaid/types/command.go:141.96,146.2 3 1
github.com/emad-elsaid/types/command.go:156.42,159.2 2 1
github.com/emad-elsaid/types/command.go:169.48,172.2 2 1
github.com/emad-elsaid/types/command.go:181.53,184.2 2 1
github.com/emad-elsaid/types/command.go:192.35,195.2 2 1
github.com/emad-elsaid/types/command.go:203.34,203.56 1 1
github.com/emad-elsaid/types/command.go:211.35,211.64 1 1
github.com/emad-elsaid/types/command.go:219.47,219.79 1 1
github.com/emad-elsaid/types/command.go:227.35,227.64 1 1
github.com/emad-elsaid/types/command.go:234.47,234.79 1 1
github.com/emad-elsaid/types/command.go:244.33,244.59 1 1
github.com/emad-elsaid/types/command.go:252.41,252.91 1 1
github.com/emad-elsaid/types/command.go:262.61,265.2 2 1
github.com/emad-elsaid/types/command.go:273.64,279.2 4 1
github.com/emad-elsaid/types/command.go:288.54,293.2 4 1
github.com/emad-elsaid/types/command.go:301.45,304.2 2 1
github.com/emad-elsaid/types/command.go:312.51,313.18 1 1
github.com/emad-elsaid/types/command.go:313.18,315.3 1 1
github.com/emad-elsaid/types/command.go:316.2,317.10 2 1
github.com/emad-elsaid/types/command.go:327.58,328.18 1 1
github.com/emad-elsaid/types/command.go:328.18,330.3 1 1
github.com/emad-elsaid/types/command.go:331.2,331.24 1 1
github.com/emad-elsaid/types/command.go:331.24,333.3 1 1
github.com/emad-elsaid/types/command.go:334.2,334.10 1 1
github.com/emad-elsaid/types/command.go:343.39,346.2 2 1
github.com/emad-elsaid/types/command.go:358.34,361.2 2 1
github.com/emad-elsaid/types/command.go:370.48,373.2 2 1
github.com/emad-elsaid/types/command.go:383.80,387.2 3 1
github.com/emad-elsaid/types/command.go:396.35,397.17 1 1
github.com/emad-elsaid/types/command.go:397.17,399.3 1 1
github.com/emad-elsaid/types/command.go:401.2,404.15 3 1
github.com/emad-elsaid/types/command.go:404.15,406.3 1 1
github.com/emad-elsaid/types/command.go:408.2,408.33 1 1
github.com/emad-elsaid/types/command.go:418.42,420.2 1 1
github.com/emad-elsaid/types/command.go:422.38,423.16 1 1
github.com/emad-elsaid/types/command.go:423.16,425.3 1 1
github.com/emad-elsaid/types/command.go:427.2,431.21 3 1
github.com/emad-elsaid/types/command.go:431.21,433.3 1 1
github.com/emad-elsaid/types/command.go:435.2,435.53 1 1
github.com/emad-elsaid/types/command.go:435.53,436.38 1 1
github.com/emad-elsaid/types/command.go:436.38,438.4 1 1
github.com/emad-elsaid/types/command.go:440.3,443.19 2 1
github.com/emad-elsaid/types/command.go:443.19,444.9 1 1
github.com/emad-elsaid/types/command.go:448.2,448.10 1 1
github.com/emad-elsaid/types/command.go:455.54,457.16 1 1
github.com/emad-elsaid/types/command.go:457.16,458.19 1 1
github.com/emad-elsaid/types/command.go:458.19,460.4 1 0
github.com/emad-elsaid/types/command.go:461.3,461.42 1 1
github.com/emad-elsaid/types/command.go:465.2,468.20 2 1
github.com/emad-elsaid/types/command.go:468.20,470.19 2 1
github.com/emad-elsaid/types/command.go:470.19,472.4 1 0
github.com/emad-elsaid/types/command.go:473.3,473.42 1 1
github.com/emad-elsaid/types/command.go:478.2,478.23 1 1
github.com/emad-elsaid/types/command.go:478.23,481.17 2 1
github.com/emad-elsaid/types/command.go:481.17,484.4 2 0
github.com/emad-elsaid/types/command.go:485.3,485.21 1 1
github.com/emad-elsaid/types/command.go:489.2,491.16 3 1
github.com/emad-elsaid/types/command.go:491.16,493.3 1 1
github.com/emad-elsaid/types/command.go:495.2,495.15 1 1
github.com/emad-elsaid/types/command.go:495.15,497.59 1 0
github.com/emad-elsaid/types/command.go:497.59,499.66 1 0
github.com/emad-elsaid/types/command.go:499.66,502.5 2 0
github.com/emad-elsaid/types/command.go:504.3,504.84 1 0
github.com/emad-elsaid/types/command.go:505.8,507.3 1 1
github.com/emad-elsaid/types/command.go:510.2,510.17 1 1
github.com/emad-elsaid/types/command.go:510.17,512.3 1 0
github.com/emad-elsaid/types/command.go:515.2,515.16 1 1
github.com/emad-elsaid/types/command.go:515.16,517.3 1 0
github.com/emad-elsaid/types/command.go:518.2,518.18 1 1
github.com/emad-elsaid/types/command.go:518.18,519.18 1 0
github.com/emad-elsaid/types/command.go:519.18,521.4 1 0
github.com/emad-elsaid/types/command.go:522.3,522.27 1 0
github.com/emad-elsaid/types/command.go:522.27,524.4 1 0
github.com/emad-elsaid/types/command.go:528.2,528.20 1 1
github.com/emad-elsaid/types/command.go:528.20,530.3 1 1
github.com/emad-elsaid/types/command.go:530.8,530.26 1 1
github.com/emad-elsaid/types/command.go:530.26,532.3 1 0
github.com/emad-elsaid/types/command.go:535.2,536.16 2 1
github.com/emad-elsaid/types/command.go:536.16,539.3 2 0
github.com/emad-elsaid/types/command.go:542.2,546.40 3 1
github.com/emad-elsaid/types/command.go:546.40,549.3 2 0
github.com/emad-elsaid/types/command.go:552.2,555.12 2 1
github.com/emad-elsaid/types/command.go:555.12,573.21 7 1
github.com/emad-elsaid/types/command.go:573.21,575.52 2 1
github.com/emad-elsaid/types/command.go:575.52,576.61 1 1
github.com/emad-elsaid/types/command.go:576.61,578.6 1 1
github.com/emad-elsaid/types/command.go:583.3,583.21 1 1
github.com/emad-elsaid/types/command.go:583.21,585.4 1 0
github.com/emad-elsaid/types/command.go:585.9,585.28 1 1
github.com/emad-elsaid/types/command.go:585.28,587.4 1 1
github.com/emad-elsaid/types/command.go:587.9,589.4 1 1
github.com/emad-elsaid/types/command.go:592.2,592.16 1 1
github.com/emad-elsaid/types/command.go:595.33,597.20 1 1
github.com/emad-elsaid/types/command.go:597.20,600.24 2 1
github.com/emad-elsaid/types/command.go:600.24,602.20 2 1
github.com/emad-elsaid/types/command.go:602.20,604.5 1 0
github.com/emad-elsaid/types/command.go:605.9,605.28 1 1
github.com/emad-elsaid/types/command.go:605.28,609.20 3 1
github.com/emad-elsaid/types/command.go:609.20,611.5 1 0
github.com/emad-elsaid/types/command.go:612.4,612.24 1 1
github.com/emad-elsaid/types/command.go:615.3,616.9 2 1
github.com/emad-elsaid/types/command.go:620.2,624.16 3 1
github.com/emad-elsaid/types/command.go:624.16,626.3 1 1
github.com/emad-elsaid/types/command.go:628.2,628.15 1 1
github.com/emad-elsaid/types/command.go:628.15,630.59 1 0
github.com/emad-elsaid/types/command.go:630.59,632.66 1 0
github.com/emad-elsaid/types/command.go:632.66,635.5 2 0
github.com/emad-elsaid/types/command.go:638.3,638.84 1 0
github.com/emad-elsaid/types/command.go:639.8,641.3 1 1
github.com/emad-elsaid/types/command.go:644.2,644.17 1 1
github.com/emad-elsaid/types/command.go:644.17,646.3 1 1
github.com/emad-elsaid/types/command.go:649.2,649.16 1 1
github.com/emad-elsaid/types/command.go:649.16,651.3 1 1
github.com/emad-elsaid/types/command.go:652.2,652.18 1 1
github.com/emad-elsaid/types/command.go:652.18,653.18 1 1
github.com/emad-elsaid/types/command.go:653.18,655.4 1 1
github.com/emad-elsaid/types/command.go:656.3,656.27 1 1
github.com/emad-elsaid/types/command.go:656.27,658.4 1 1
github.com/emad-elsaid/types/command.go:662.2,662.20 1 1
github.com/emad-elsaid/types/command.go:662.20,664.3 1 1
github.com/emad-elsaid/types/command.go:664.8,664.26 1 1
github.com/emad-elsaid/types/command.go:664.26,666.3 1 1
github.com/emad-elsaid/types/command.go:668.2,668.23 1 1
github.com/emad-elsaid/types/command.go:668.23,671.17 2 1
github.com/emad-elsaid/types/command.go:671.17,674.4 2 0
github.com/emad-elsaid/types/command.go:675.3,675.29 1 1
github.com/emad-elsaid/types/command.go:679.2,679.19 1 1
github.com/emad-elsaid/types/command.go:679.19,683.3 3 1
github.com/emad-elsaid/types/command.go:683.8,691.3 6 1
github.com/emad-elsaid/types/command.go:694.2,694.18 1 1
github.com/emad-elsaid/types/command.go:694.18,695.49 1 1
github.com/emad-elsaid/types/command.go:695.49,696.60 1 1
github.com/emad-elsaid/types/command.go:696.60,698.5 1 1
github.com/emad-elsaid/types/map.go:11.37,13.2 1 1
github.com/emad-elsaid/types/map.go:15.46,19.8 3 1
github.com/emad-elsaid/types/map.go:19.8,21.3 1 1
github.com/emad-elsaid/types/map.go:23.2,23.8 1 1
github.com/emad-elsaid/types/map.go:27.33,29.2 1 1
github.com/emad-elsaid/types/map.go:32.50,33.36 1 1
github.com/emad-elsaid/types/map.go:33.36,35.3 1 1
github.com/emad-elsaid/types/map.go:39.59,42.12 3 1
github.com/emad-elsaid/types/map.go:42.12,44.3 1 1
github.com/emad-elsaid/types/map.go:46.2,46.8 1 1
github.com/emad-elsaid/types/map.go:50.67,56.2 4 1
github.com/emad-elsaid/types/map.go:59.62,65.2 4 1
github.com/emad-elsaid/types/map.go:69.32,71.36 2 1
github.com/emad-elsaid/types/map.go:71.36,74.3 2 1
github.com/emad-elsaid/types/map.go:75.2,75.13 1 1
github.com/emad-elsaid/types/map.go:80.34,82.36 2 1
github.com/emad-elsaid/types/map.go:82.36,85.3 2 1
github.com/emad-elsaid/types/map.go:86.2,86.15 1 1
github.com/emad-elsaid/types/map.go:91.32,93.36 2 1
github.com/emad-elsaid/types/map.go:93.36,96.3 2 1
github.com/emad-elsaid/types/map.go:97.2,97.13 1 1
github.com/emad-elsaid/types/map.go:101.29,102.36 1 1
github.com/emad-elsaid/types/map.go:102.36,105.3 2 1
github.com/emad-elsaid/types/map.go:110.35,113.2 2 1
github.com/emad-elsaid/types/map.go:117.47,118.36 1 1
github.com/emad-elsaid/types/map.go:118.36,121.3 2 1
github.com/emad-elsaid/types/map.go:125.70,127.36 2 1
github.com/emad-elsaid/types/map.go:127.36,130.28 3 1
github.com/emad-elsaid/types/map.go:130.28,132.4 1 1
github.com/emad-elsaid/types/map.go:133.3,133.14 1 1
github.com/emad-elsaid/types/map.go:135.2,135.15 1 1
github.com/emad-elsaid/types/set.go:18.47,24.29 2 1
github.com/emad-elsaid/types/set.go:24.29,26.3 1 1
github.com/emad-elsaid/types/set.go:28.2,28.11 1 1
github.com/emad-elsaid/types/set.go:33.35,34.22 1 1
github.com/emad-elsaid/types/set.go:34.22,36.3 1 1
github.com/emad-elsaid/types/set.go:38.2,41.13 3 1
github.com/emad-elsaid/types/set.go:46.38,47.23 1 1
github.com/emad-elsaid/types/set.go:47.23,49.3 1 1
github.com/emad-elsaid/types/set.go:51.2,55.13 4 1
github.com/emad-elsaid/types/set.go:60.40,63.2 2 1
github.com/emad-elsaid/types/set.go:66.29,68.2 1 1
github.com/emad-elsaid/types/set.go:71.33,73.2 1 1
github.com/emad-elsaid/types/set.go:76.26,79.2 2 1
github.com/emad-elsaid/types/set.go:83.32,87.2 3 1
github.com/emad-elsaid/types/set.go:90.34,92.2 1 1
github.com/emad-elsaid/types/set.go:95.47,97.35 2 1
github.com/emad-elsaid/types/set.go:97.35,99.3 1 1
github.com/emad-elsaid/types/set.go:101.2,101.15 1 1
github.com/emad-elsaid/types/set.go:106.54,108.31 2 1
github.com/emad-elsaid/types/set.go:108.31,109.27 1 1
github.com/emad-elsaid/types/set.go:109.27,111.4 1 1
github.com/emad-elsaid/types/set.go:113.2,113.15 1 1
github.com/emad-elsaid/types/set.go:118.52,120.31 2 1
github.com/emad-elsaid/types/set.go:120.31,121.28 1 1
github.com/emad-elsaid/types/set.go:121.28,123.4 1 1
github.com/emad-elsaid/types/set.go:125.2,125.15 1 1
github.com/emad-elsaid/types/set.go:129.61,131.2 1 1
github.com/emad-elsaid/types/set.go:134.47,135.31 1 1
github.com/emad-elsaid/types/set.go:135.31,136.28 1 1
github.com/emad-elsaid/types/set.go:136.28,138.4 1 1
github.com/emad-elsaid/types/set.go:140.2,140.13 1 1
github.com/emad-elsaid/types/set.go:144.49,146.2 1 1
github.com/emad-elsaid/types/set.go:149.49,151.2 1 1
github.com/emad-elsaid/types/set.go:154.44,156.2 1 1
github.com/emad-elsaid/types/set.go:159.35,160.31 1 1
github.com/emad-elsaid/types/set.go:160.31,162.3 1 1
github.com/emad-elsaid/types/set.go:167.63,172.31 4 1
github.com/emad-elsaid/types/set.go:172.31,174.3 1 1
github.com/emad-elsaid/types/set.go:176.2,176.15 1 1
github.com/emad-elsaid/types/set.go:180.57,185.31 4 1
github.com/emad-elsaid/types/set.go:185.31,186.22 1 1
github.com/emad-elsaid/types/set.go:186.22,188.4 1 1
github.com/emad-elsaid/types/set.go:191.2,191.15 1 1
github.com/emad-elsaid/types/set.go:196.57,197.36 1 1
github.com/emad-elsaid/types/set.go:197.36,199.3 1 1
github.com/emad-elsaid/types/set.go:204.57,205.31 1 1
github.com/emad-elsaid/types/set.go:205.31,206.22 1 1
github.com/emad-elsaid/types/set.go:206.22,208.4 1 1
github.com/emad-elsaid/types/set.go:210.2,211.20 2 1
github.com/emad-elsaid/types/set.go:216.51,217.31 1 1
github.com/emad-elsaid/types/set.go:217.31,218.23 1 1
github.com/emad-elsaid/types/set.go:218.23,220.4 1 1
github.com/emad-elsaid/types/set.go:222.2,222.13 1 1
github.com/emad-elsaid/types/set.go:227.51,229.2 1 1
github.com/emad-elsaid/types/set.go:233.52,235.2 1 1
github.com/emad-elsaid/types/set.go:238.52,240.31 2 1
github.com/emad-elsaid/types/set.go:240.31,241.22 1 1
github.com/emad-elsaid/types/set.go:241.22,243.4 1 1
github.com/emad-elsaid/types/set.go:245.2,245.14 1 1
github.com/emad-elsaid/types/set.go:250.78,252.31 2 1
github.com/emad-elsaid/types/set.go:252.31,254.3 1 1
github.com/emad-elsaid/types/set.go:255.2,255.15 1 1
github.com/emad-elsaid/types/set.go:261.71,265.31 3 1
github.com/emad-elsaid/types/set.go:265.31,266.22 1 1
github.com/emad-elsaid/types/set.go:266.22,268.4 1 1
github.com/emad-elsaid/types/set.go:268.9,270.4 1 1
github.com/emad-elsaid/types/set.go:273.2,273.26 1 1
github.com/emad-elsaid/types/set.go:277.38,278.12 1 1
github.com/emad-elsaid/types/set.go:278.12,280.3 1 1
github.com/emad-elsaid/types/set.go:282.2,285.31 3 1
github.com/emad-elsaid/types/set.go:285.31,286.17 1 1
github.com/emad-elsaid/types/set.go:286.17,287.9 1 1
github.com/emad-elsaid/types/set.go:289.3,290.10 2 1
github.com/emad-elsaid/types/set.go:293.2,293.15 1 1
github.com/emad-elsaid/types/set.go:297.38,298.12 1 1
github.com/emad-elsaid/types/set.go:298.12,300.3 1 1
github.com/emad-elsaid/types/set.go:302.2,305.31 3 1
github.com/emad-elsaid/types/set.go:305.31,306.17 1 1
github.com/emad-elsaid/types/set.go:306.17,308.4 1 1
github.com/emad-elsaid/types/set.go:309.3,309.10 1 1
github.com/emad-elsaid/types/set.go:312.2,312.15 1 1
github.com/emad-elsaid/types/set.go:316.34,317.17 1 1
github.com/emad-elsaid/types/set.go:317.17,319.3 1 1
github.com/emad-elsaid/types/set.go:321.2,323.29 3 1
github.com/emad-elsaid/types/set.go:323.29,325.3 1 1
github.com/emad-elsaid/types/set.go:327.2,327.57 1 1
github.com/emad-elsaid/types/slice.go:16.36,19.15 2 1
github.com/emad-elsaid/types/slice.go:19.15,20.20 1 1
github.com/emad-elsaid/types/slice.go:20.20,22.4 1 1
github.com/emad-elsaid/types/slice.go:23.3,23.13 1 1
github.com/emad-elsaid/types/slice.go:26.2,26.17 1 1
github.com/emad-elsaid/types/slice.go:26.17,28.3 1 1
github.com/emad-elsaid/types/slice.go:30.2,30.12 1 1
github.com/emad-elsaid/types/slice.go:34.55,35.22 1 1
github.com/emad-elsaid/types/slice.go:35.22,36.19 1 1
github.com/emad-elsaid/types/slice.go:36.19,38.4 1 1
github.com/emad-elsaid/types/slice.go:40.2,40.14 1 1
github.com/emad-elsaid/types/slice.go:44.59,45.22 1 1
github.com/emad-elsaid/types/slice.go:45.22,46.15 1 1
github.com/emad-elsaid/types/slice.go:46.15,48.4 1 1
github.com/emad-elsaid/types/slice.go:50.2,50.14 1 1
github.com/emad-elsaid/types/slice.go:56.38,59.28 3 1
github.com/emad-elsaid/types/slice.go:59.28,60.22 1 1
github.com/emad-elsaid/types/slice.go:60.22,62.4 1 1
github.com/emad-elsaid/types/slice.go:64.2,64.15 1 1
github.com/emad-elsaid/types/slice.go:69.51,70.18 1 1
github.com/emad-elsaid/types/slice.go:70.18,71.23 1 1
github.com/emad-elsaid/types/slice.go:71.23,73.4 1 1
github.com/emad-elsaid/types/slice.go:79.48,81.2 1 1
github.com/emad-elsaid/types/slice.go:85.48,86.22 1 1
github.com/emad-elsaid/types/slice.go:86.22,87.16 1 1
github.com/emad-elsaid/types/slice.go:87.16,89.4 1 1
github.com/emad-elsaid/types/slice.go:92.2,92.13 1 1
github.com/emad-elsaid/types/slice.go:97.53,99.2 1 1
github.com/emad-elsaid/types/slice.go:103.58,104.25 1 1
github.com/emad-elsaid/types/slice.go:104.25,105.22 1 1
github.com/emad-elsaid/types/slice.go:105.22,107.4 1 1
github.com/emad-elsaid/types/slice.go:109.2,110.20 2 1
github.com/emad-elsaid/types/slice.go:114.46,116.22 2 1
github.com/emad-elsaid/types/slice.go:116.22,117.19 1 1
github.com/emad-elsaid/types/slice.go:117.19,119.4 1 1
github.com/emad-elsaid/types/slice.go:121.2,121.15 1 1
github.com/emad-elsaid/types/slice.go:126.48,127.34 1 1
github.com/emad-elsaid/types/slice.go:127.34,129.3 1 1
github.com/emad-elsaid/types/slice.go:130.2,133.15 4 1
github.com/emad-elsaid/types/slice.go:137.57,139.22 2 1
github.com/emad-elsaid/types/slice.go:139.22,140.16 1 1
github.com/emad-elsaid/types/slice.go:140.16,142.4 1 1
github.com/emad-elsaid/types/slice.go:144.2,144.15 1 1
github.com/emad-elsaid/types/slice.go:149.44,150.16 1 1
github.com/emad-elsaid/types/slice.go:150.16,152.3 1 1
github.com/emad-elsaid/types/slice.go:153.2,153.21 1 1
github.com/emad-elsaid/types/slice.go:153.21,155.3 1 1
github.com/emad-elsaid/types/slice.go:156.2,156.18 1 1
github.com/emad-elsaid/types/slice.go:161.62,162.25 1 1
github.com/emad-elsaid/types/slice.go:162.25,163.23 1 1
github.com/emad-elsaid/types/slice.go:163.23,165.4 1 1
github.com/emad-elsaid/types/slice.go:167.2,167.10 1 1
github.com/emad-elsaid/types/slice.go:173.62,174.25 1 1
github.com/emad-elsaid/types/slice.go:174.25,175.23 1 1
github.com/emad-elsaid/types/slice.go:175.23,177.4 1 1
github.com/emad-elsaid/types/slice.go:179.2,179.19 1 1
github.com/emad-elsaid/types/slice.go:183.39,184.22 1 1
github.com/emad-elsaid/types/slice.go:184.22,186.3 1 1
github.com/emad-elsaid/types/slice.go:190.46,191.19 1 1
github.com/emad-elsaid/types/slice.go:191.19,193.3 1 1
github.com/emad-elsaid/types/slice.go:197.34,199.2 1 1
github.com/emad-elsaid/types/slice.go:202.45,204.26 1 1
github.com/emad-elsaid/types/slice.go:204.26,206.3 1 1
github.com/emad-elsaid/types/slice.go:209.2,209.22 1 1
github.com/emad-elsaid/types/slice.go:209.22,210.20 1 1
github.com/emad-elsaid/types/slice.go:210.20,212.4 1 1
github.com/emad-elsaid/types/slice.go:215.2,215.13 1 1
github.com/emad-elsaid/types/slice.go:219.29,221.2 1 1
github.com/emad-elsaid/types/slice.go:225.54,227.16 2 1
github.com/emad-elsaid/types/slice.go:227.16,229.3 1 1
github.com/emad-elsaid/types/slice.go:231.2,231.21 1 1
github.com/emad-elsaid/types/slice.go:237.67,238.49 1 1
github.com/emad-elsaid/types/slice.go:238.49,240.3 1 1
github.com/emad-elsaid/types/slice.go:242.2,242.27 1 1
github.com/emad-elsaid/types/slice.go:242.27,244.3 1 1
github.com/emad-elsaid/types/slice.go:245.2,245.38 1 1
github.com/emad-elsaid/types/slice.go:245.38,247.3 1 1
github.com/emad-elsaid/types/slice.go:248.2,248.10 1 1
github.com/emad-elsaid/types/slice.go:254.79,255.49 1 1
github.com/emad-elsaid/types/slice.go:255.49,257.3 1 1
github.com/emad-elsaid/types/slice.go:259.2,259.27 1 1
github.com/emad-elsaid/types/slice.go:259.27,261.3 1 1
github.com/emad-elsaid/types/slice.go:262.2,262.38 1 1
github.com/emad-elsaid/types/slice.go:262.38,264.3 1 1
github.com/emad-elsaid/types/slice.go:265.2,265.10 1 1
github.com/emad-elsaid/types/slice.go:270.40,271.22 1 1
github.com/emad-elsaid/types/slice.go:271.22,272.19 1 1
github.com/emad-elsaid/types/slice.go:272.19,274.4 1 1
github.com/emad-elsaid/types/slice.go:276.2,276.11 1 1
github.com/emad-elsaid/types/slice.go:280.51,281.22 1 1
github.com/emad-elsaid/types/slice.go:281.22,282.15 1 1
github.com/emad-elsaid/types/slice.go:282.15,284.4 1 1
github.com/emad-elsaid/types/slice.go:287.2,287.11 1 1
github.com/emad-elsaid/types/slice.go:291.30,293.2 1 1
github.com/emad-elsaid/types/slice.go:296.29,298.2 1 1
github.com/emad-elsaid/types/slice.go:302.46,303.16 1 1
github.com/emad-elsaid/types/slice.go:303.16,305.3 1 1
github.com/emad-elsaid/types/slice.go:306.2,306.21 1 1
github.com/emad-elsaid/types/slice.go:306.21,308.3 1 1
github.com/emad-elsaid/types/slice.go:309.2,309.19 1 1
github.com/emad-elsaid/types/slice.go:314.45,315.16 1 1
github.com/emad-elsaid/types/slice.go:315.16,317.3 1 1
github.com/emad-elsaid/types/slice.go:318.2,318.21 1 1
github.com/emad-elsaid/types/slice.go:318.21,320.3 1 1
github.com/emad-elsaid/types/slice.go:321.2,321.25 1 1
github.com/emad-elsaid/types/slice.go:325.43,327.2 1 1
github.com/emad-elsaid/types/slice.go:331.61,337.2 5 1
github.com/emad-elsaid/types/slice.go:341.55,343.22 2 1
github.com/emad-elsaid/types/slice.go:343.22,344.15 1 1
github.com/emad-elsaid/types/slice.go:344.15,346.4 1 1
github.com/emad-elsaid/types/slice.go:348.2,348.15 1 1
github.com/emad-elsaid/types/slice.go:352.55,354.2 1 1
github.com/emad-elsaid/types/slice.go:358.60,360.17 2 1
github.com/emad-elsaid/types/slice.go:360.17,362.3 1 1
github.com/emad-elsaid/types/slice.go:364.2,364.19 1 1
github.com/emad-elsaid/types/slice.go:368.55,370.2 1 1
github.com/emad-elsaid/types/slice.go:374.49,376.22 2 1
github.com/emad-elsaid/types/slice.go:376.22,378.3 1 1
github.com/emad-elsaid/types/slice.go:379.2,379.15 1 1
github.com/emad-elsaid/types/slice.go:384.44,385.17 1 1
github.com/emad-elsaid/types/slice.go:385.17,387.3 1 1
github.com/emad-elsaid/types/slice.go:388.2,390.26 3 1
github.com/emad-elsaid/types/slice.go:390.26,392.23 2 1
github.com/emad-elsaid/types/slice.go:392.23,395.4 2 1
github.com/emad-elsaid/types/slice.go:398.2,398.19 1 1
github.com/emad-elsaid/types/slice.go:403.44,404.17 1 1
github.com/emad-elsaid/types/slice.go:404.17,406.3 1 1
github.com/emad-elsaid/types/slice.go:407.2,409.26 3 1
github.com/emad-elsaid/types/slice.go:409.26,411.23 2 1
github.com/emad-elsaid/types/slice.go:411.23,414.4 2 1
github.com/emad-elsaid/types/slice.go:417.2,417.19 1 1
github.com/emad-elsaid/types/slice.go:421.44,423.2 1 1
github.com/emad-elsaid/types/slice.go:427.39,428.17 1 1
github.com/emad-elsaid/types/slice.go:428.17,431.3 2 1
github.com/emad-elsaid/types/slice.go:432.2,432.34 1 1
github.com/emad-elsaid/types/slice.go:436.47,438.2 1 1
github.com/emad-elsaid/types/slice.go:442.41,443.17 1 1
github.com/emad-elsaid/types/slice.go:443.17,445.3 1 1
github.com/emad-elsaid/types/slice.go:446.2,446.20 1 1
github.com/emad-elsaid/types/slice.go:451.38,454.42 3 1
github.com/emad-elsaid/types/slice.go:454.42,457.3 2 1
github.com/emad-elsaid/types/slice.go:458.2,458.15 1 1
github.com/emad-elsaid/types/slice.go:463.38,466.39 3 1
github.com/emad-elsaid/types/slice.go:466.39,469.3 2 1
github.com/emad-elsaid/types/slice.go:470.2,470.15 1 1
github.com/emad-elsaid/types/slice.go:476.38,477.17 1 1
github.com/emad-elsaid/types/slice.go:477.17,480.3 2 1
github.com/emad-elsaid/types/slice.go:481.2,481.35 1 1
github.com/emad-elsaid/types/slice.go:488.43,489.12 1 1
github.com/emad-elsaid/types/slice.go:489.12,491.3 1 1
github.com/emad-elsaid/types/slice.go:492.2,492.17 1 1
github.com/emad-elsaid/types/slice.go:492.17,494.3 1 1
github.com/emad-elsaid/types/slice.go:497.2,498.21 2 1
github.com/emad-elsaid/types/slice.go:503.37,506.22 3 1
github.com/emad-elsaid/types/slice.go:506.22,507.28 1 1
github.com/emad-elsaid/types/slice.go:507.28,510.4 2 1
github.com/emad-elsaid/types/slice.go:513.2,513.12 1 1
github.com/emad-elsaid/types/slice.go:519.74,523.25 3 1
github.com/emad-elsaid/types/slice.go:523.25,524.22 1 1
github.com/emad-elsaid/types/slice.go:524.22,526.4 1 1
github.com/emad-elsaid/types/slice.go:526.9,528.4 1 1
github.com/emad-elsaid/types/slice.go:531.2,531.26 1 1
github.com/emad-elsaid/types/slice.go:537.37,539.28 2 1
github.com/emad-elsaid/types/slice.go:539.28,541.3 1 1
github.com/emad-elsaid/types/slice.go:542.2,542.15 1 1
github.com/emad-elsaid/types/slice.go:546.81,548.25 2 1
github.com/emad-elsaid/types/slice.go:548.25,550.3 1 1
github.com/emad-elsaid/types/slice.go:552.2,552.15 1 1
